<?xml version="1.0" encoding="UTF-8"?>
<!-- Generated by org.testng.reporters.JUnitReportReporter -->
<testsuite skipped="0" hostname="LAPTOP-4S0A1QDJ" name="com.Disney.stepdef.resortFind" tests="1" failures="0" timestamp="15 Mar 2018 00:26:29 GMT" time="21.679" errors="0">
  <testcase name="navigate_to_the_Disney_Website" time="21.679" classname="com.Disney.stepdef.resortFind"/>
</testsuite> <!-- com.Disney.stepdef.resortFind -->
